************* Module app.api_traps
app/api_traps.py:129:0: R0914: Too many local variables (37/15) (too-many-locals)
app/api_traps.py:129:0: R0915: Too many statements (67/50) (too-many-statements)
app/api_traps.py:168:4: R1702: Too many nested blocks (11/5) (too-many-nested-blocks)
app/api_traps.py:285:0: R0914: Too many local variables (18/15) (too-many-locals)
************* Module app.compiler
app/compiler.py:29:0: R0903: Too few public methods (1/2) (too-few-public-methods)
************* Module app.api_tables
app/api_tables.py:32:0: R0914: Too many local variables (20/15) (too-many-locals)
app/api_tables.py:65:61: R1721: Unnecessary use of a comprehension, use dict(parsed_index_values) instead. (unnecessary-comprehension)
app/api_tables.py:77:62: R1721: Unnecessary use of a comprehension, use dict(merged_values_simple) instead. (unnecessary-comprehension)
app/api_tables.py:112:51: R1721: Unnecessary use of a comprehension, use dict(merged_values) instead. (unnecessary-comprehension)
app/api_tables.py:146:57: R1721: Unnecessary use of a comprehension, use dict(parsed_index_values) instead. (unnecessary-comprehension)
************* Module app.mib_registrar_helpers
app/mib_registrar_helpers.py:18:0: R0902: Too many instance attributes (8/7) (too-many-instance-attributes)
app/mib_registrar_helpers.py:51:0: R0903: Too few public methods (1/2) (too-few-public-methods)
app/mib_registrar_helpers.py:236:4: R0913: Too many arguments (6/5) (too-many-arguments)
app/mib_registrar_helpers.py:255:0: R0902: Too many instance attributes (9/7) (too-many-instance-attributes)
app/mib_registrar_helpers.py:369:4: R0914: Too many local variables (17/15) (too-many-locals)
app/mib_registrar_helpers.py:418:0: R0902: Too many instance attributes (12/7) (too-many-instance-attributes)
app/mib_registrar_helpers.py:468:4: R0913: Too many arguments (6/5) (too-many-arguments)
app/mib_registrar_helpers.py:468:4: R0917: Too many positional arguments (6/5) (too-many-positional-arguments)
app/mib_registrar_helpers.py:468:4: R0914: Too many local variables (21/15) (too-many-locals)
app/mib_registrar_helpers.py:597:4: R0914: Too many local variables (17/15) (too-many-locals)
app/mib_registrar_helpers.py:738:4: R0913: Too many arguments (6/5) (too-many-arguments)
app/mib_registrar_helpers.py:738:4: R0917: Too many positional arguments (6/5) (too-many-positional-arguments)
app/mib_registrar_helpers.py:738:4: R0914: Too many local variables (22/15) (too-many-locals)
app/mib_registrar_helpers.py:824:4: R0913: Too many arguments (6/5) (too-many-arguments)
app/mib_registrar_helpers.py:824:4: R0917: Too many positional arguments (6/5) (too-many-positional-arguments)
app/mib_registrar_helpers.py:824:4: R0914: Too many local variables (20/15) (too-many-locals)
************* Module app.api_table_views
app/api_table_views.py:45:0: R0914: Too many local variables (17/15) (too-many-locals)
app/api_table_views.py:176:0: R0914: Too many local variables (19/15) (too-many-locals)
app/api_table_views.py:269:0: R0914: Too many local variables (19/15) (too-many-locals)
app/api_table_views.py:375:0: R0914: Too many local variables (46/15) (too-many-locals)
app/api_table_views.py:414:4: R1702: Too many nested blocks (8/5) (too-many-nested-blocks)
app/api_table_views.py:414:4: R1702: Too many nested blocks (12/5) (too-many-nested-blocks)
app/api_table_views.py:414:4: R1702: Too many nested blocks (9/5) (too-many-nested-blocks)
app/api_table_views.py:414:4: R1702: Too many nested blocks (13/5) (too-many-nested-blocks)
app/api_table_views.py:414:4: R1702: Too many nested blocks (11/5) (too-many-nested-blocks)
app/api_table_views.py:414:4: R1702: Too many nested blocks (11/5) (too-many-nested-blocks)
app/api_table_views.py:414:4: R1702: Too many nested blocks (9/5) (too-many-nested-blocks)
app/api_table_views.py:414:4: R1702: Too many nested blocks (7/5) (too-many-nested-blocks)
app/api_table_views.py:375:0: R0915: Too many statements (115/50) (too-many-statements)
************* Module app.mib_registrar
app/mib_registrar.py:77:0: R0902: Too many instance attributes (11/7) (too-many-instance-attributes)
app/mib_registrar.py:456:4: R0913: Too many arguments (6/5) (too-many-arguments)
app/mib_registrar.py:607:4: R0914: Too many local variables (18/15) (too-many-locals)
app/mib_registrar.py:665:4: R0913: Too many arguments (6/5) (too-many-arguments)
app/mib_registrar.py:665:4: R0917: Too many positional arguments (6/5) (too-many-positional-arguments)
app/mib_registrar.py:681:4: R0913: Too many arguments (6/5) (too-many-arguments)
app/mib_registrar.py:681:4: R0917: Too many positional arguments (6/5) (too-many-positional-arguments)
************* Module app.table_registrar
app/table_registrar.py:35:0: R0902: Too many instance attributes (8/7) (too-many-instance-attributes)
app/table_registrar.py:38:4: R0917: Too many positional arguments (9/5) (too-many-positional-arguments)
app/table_registrar.py:159:4: R0914: Too many local variables (18/15) (too-many-locals)
app/table_registrar.py:225:4: R0917: Too many positional arguments (6/5) (too-many-positional-arguments)
app/table_registrar.py:225:4: R0914: Too many local variables (20/15) (too-many-locals)
app/table_registrar.py:302:4: R0917: Too many positional arguments (6/5) (too-many-positional-arguments)
app/table_registrar.py:302:4: R0914: Too many local variables (22/15) (too-many-locals)
app/table_registrar.py:396:4: R0917: Too many positional arguments (6/5) (too-many-positional-arguments)
app/table_registrar.py:425:4: R0917: Too many positional arguments (6/5) (too-many-positional-arguments)
************* Module app.generator
app/generator.py:66:4: R0914: Too many local variables (38/15) (too-many-locals)
app/generator.py:109:8: R1702: Too many nested blocks (6/5) (too-many-nested-blocks)
app/generator.py:109:8: R1702: Too many nested blocks (7/5) (too-many-nested-blocks)
app/generator.py:109:8: R1702: Too many nested blocks (6/5) (too-many-nested-blocks)
app/generator.py:109:8: R1702: Too many nested blocks (8/5) (too-many-nested-blocks)
app/generator.py:66:4: R0915: Too many statements (86/50) (too-many-statements)
app/generator.py:284:4: R0914: Too many local variables (28/15) (too-many-locals)
app/generator.py:284:4: R0915: Too many statements (70/50) (too-many-statements)
app/generator.py:440:4: R0914: Too many local variables (18/15) (too-many-locals)
app/generator.py:457:8: R1702: Too many nested blocks (9/5) (too-many-nested-blocks)
app/generator.py:574:4: R0914: Too many local variables (18/15) (too-many-locals)
app/generator.py:646:4: R0911: Too many return statements (7/6) (too-many-return-statements)
app/generator.py:717:4: R0911: Too many return statements (13/6) (too-many-return-statements)
app/generator.py:35:0: R0903: Too few public methods (1/2) (too-few-public-methods)
************* Module app.snmp_table_responder
app/snmp_table_responder.py:160:4: R0914: Too many local variables (22/15) (too-many-locals)
app/snmp_table_responder.py:164:8: R1702: Too many nested blocks (6/5) (too-many-nested-blocks)
app/snmp_table_responder.py:164:8: R1702: Too many nested blocks (8/5) (too-many-nested-blocks)
app/snmp_table_responder.py:164:8: R1702: Too many nested blocks (7/5) (too-many-nested-blocks)
app/snmp_table_responder.py:164:8: R1702: Too many nested blocks (7/5) (too-many-nested-blocks)
app/snmp_table_responder.py:160:4: R0915: Too many statements (55/50) (too-many-statements)
app/snmp_table_responder.py:164:8: R1702: Too many nested blocks (7/5) (too-many-nested-blocks)
app/snmp_table_responder.py:321:4: R0917: Too many positional arguments (6/5) (too-many-positional-arguments)
app/snmp_table_responder.py:349:4: R0917: Too many positional arguments (7/5) (too-many-positional-arguments)
app/snmp_table_responder.py:373:4: R0914: Too many local variables (21/15) (too-many-locals)
app/snmp_table_responder.py:373:4: R0911: Too many return statements (10/6) (too-many-return-statements)
************* Module app.value_links
app/value_links.py:68:4: R0913: Too many arguments (8/5) (too-many-arguments)
app/value_links.py:150:4: R0914: Too many local variables (22/15) (too-many-locals)
************* Module app.cli_model_common
app/cli_model_common.py:35:4: R1705: Unnecessary "else" after "return", remove the "else" and de-indent the code inside it (no-else-return)
************* Module app.interface_types
app/interface_types.py:72:0: R0903: Too few public methods (1/2) (too-few-public-methods)
app/interface_types.py:82:0: R0903: Too few public methods (1/2) (too-few-public-methods)
app/interface_types.py:92:0: R0903: Too few public methods (1/2) (too-few-public-methods)
app/interface_types.py:107:0: R0903: Too few public methods (1/2) (too-few-public-methods)
app/interface_types.py:117:0: R0903: Too few public methods (1/2) (too-few-public-methods)
app/interface_types.py:127:0: R0903: Too few public methods (1/2) (too-few-public-methods)
app/interface_types.py:137:0: R0903: Too few public methods (0/2) (too-few-public-methods)
app/interface_types.py:149:0: R0903: Too few public methods (1/2) (too-few-public-methods)
app/interface_types.py:159:0: R0903: Too few public methods (1/2) (too-few-public-methods)
app/interface_types.py:169:0: R0903: Too few public methods (1/2) (too-few-public-methods)
app/interface_types.py:179:0: R0903: Too few public methods (0/2) (too-few-public-methods)
app/interface_types.py:186:0: R0903: Too few public methods (0/2) (too-few-public-methods)
app/interface_types.py:193:0: R0903: Too few public methods (0/2) (too-few-public-methods)
************* Module plugins.basic_types
plugins/basic_types.py:90:0: R0911: Too many return statements (7/6) (too-many-return-statements)
************* Module ui.snmp_gui_trap_overrides_mixin
ui/snmp_gui_trap_overrides_mixin.py:16:0: R0902: Too many instance attributes (9/7) (too-many-instance-attributes)
ui/snmp_gui_trap_overrides_mixin.py:74:4: R0914: Too many local variables (35/15) (too-many-locals)
ui/snmp_gui_trap_overrides_mixin.py:74:4: R0915: Too many statements (74/50) (too-many-statements)
ui/snmp_gui_trap_overrides_mixin.py:299:4: R0914: Too many local variables (16/15) (too-many-locals)
ui/snmp_gui_trap_overrides_mixin.py:342:8: R1702: Too many nested blocks (6/5) (too-many-nested-blocks)
ui/snmp_gui_trap_overrides_mixin.py:342:8: R1702: Too many nested blocks (6/5) (too-many-nested-blocks)
ui/snmp_gui_trap_overrides_mixin.py:339:4: R0915: Too many statements (62/50) (too-many-statements)
ui/snmp_gui_trap_overrides_mixin.py:736:4: R0914: Too many local variables (23/15) (too-many-locals)
ui/snmp_gui_trap_overrides_mixin.py:817:4: R0914: Too many local variables (16/15) (too-many-locals)
ui/snmp_gui_trap_overrides_mixin.py:16:0: R0903: Too few public methods (0/2) (too-few-public-methods)
************* Module ui.snmp_gui_traps_mixin
ui/snmp_gui_traps_mixin.py:271:4: R0914: Too many local variables (20/15) (too-many-locals)
ui/snmp_gui_traps_mixin.py:16:0: R0903: Too few public methods (0/2) (too-few-public-methods)
************* Module ui.snmp_gui_links_mixin
ui/snmp_gui_links_mixin.py:187:4: R0914: Too many local variables (29/15) (too-many-locals)
ui/snmp_gui_links_mixin.py:441:8: R0914: Too many local variables (17/15) (too-many-locals)
ui/snmp_gui_links_mixin.py:187:4: R0915: Too many statements (136/50) (too-many-statements)
ui/snmp_gui_links_mixin.py:15:0: R0903: Too few public methods (0/2) (too-few-public-methods)

-----------------------------------
Your code has been rated at 9.90/10

